{"D:\\Desktop\\PMS\\Placement Management System\\backend\\src\\controllers\\rbacController.js": {"path":"D:\\Desktop\\PMS\\Placement Management System\\backend\\src\\controllers\\rbacController.js","statementMap":{"0":{"start":{"line":1,"column":14},"end":{"line":1,"column":40}},"1":{"start":{"line":2,"column":28},"end":{"line":2,"column":54}},"2":{"start":{"line":3,"column":12},"end":{"line":3,"column":36}},"3":{"start":{"line":9,"column":0},"end":{"line":16,"column":2}},"4":{"start":{"line":10,"column":4},"end":{"line":15,"column":5}},"5":{"start":{"line":11,"column":23},"end":{"line":11,"column":107}},"6":{"start":{"line":12,"column":8},"end":{"line":12,"column":84}},"7":{"start":{"line":14,"column":8},"end":{"line":14,"column":71}},"8":{"start":{"line":22,"column":0},"end":{"line":43,"column":2}},"9":{"start":{"line":23,"column":21},"end":{"line":41,"column":5}},"10":{"start":{"line":42,"column":4},"end":{"line":42,"column":60}},"11":{"start":{"line":50,"column":0},"end":{"line":99,"column":2}},"12":{"start":{"line":51,"column":4},"end":{"line":98,"column":5}},"13":{"start":{"line":52,"column":32},"end":{"line":52,"column":40}},"14":{"start":{"line":54,"column":8},"end":{"line":56,"column":9}},"15":{"start":{"line":55,"column":12},"end":{"line":55,"column":110}},"16":{"start":{"line":58,"column":24},"end":{"line":58,"column":77}},"17":{"start":{"line":58,"column":48},"end":{"line":58,"column":76}},"18":{"start":{"line":59,"column":8},"end":{"line":65,"column":9}},"19":{"start":{"line":60,"column":12},"end":{"line":64,"column":15}},"20":{"start":{"line":67,"column":23},"end":{"line":67,"column":100}},"21":{"start":{"line":68,"column":8},"end":{"line":68,"column":97}},"22":{"start":{"line":68,"column":21},"end":{"line":68,"column":97}},"23":{"start":{"line":71,"column":8},"end":{"line":76,"column":9}},"24":{"start":{"line":72,"column":12},"end":{"line":75,"column":15}},"25":{"start":{"line":79,"column":25},"end":{"line":79,"column":78}},"26":{"start":{"line":80,"column":8},"end":{"line":80,"column":38}},"27":{"start":{"line":81,"column":8},"end":{"line":81,"column":28}},"28":{"start":{"line":83,"column":8},"end":{"line":89,"column":11}},"29":{"start":{"line":91,"column":8},"end":{"line":95,"column":11}},"30":{"start":{"line":97,"column":8},"end":{"line":97,"column":71}},"31":{"start":{"line":106,"column":0},"end":{"line":148,"column":2}},"32":{"start":{"line":107,"column":4},"end":{"line":147,"column":5}},"33":{"start":{"line":108,"column":32},"end":{"line":108,"column":40}},"34":{"start":{"line":110,"column":8},"end":{"line":112,"column":9}},"35":{"start":{"line":111,"column":12},"end":{"line":111,"column":110}},"36":{"start":{"line":114,"column":23},"end":{"line":114,"column":100}},"37":{"start":{"line":115,"column":8},"end":{"line":115,"column":97}},"38":{"start":{"line":115,"column":21},"end":{"line":115,"column":97}},"39":{"start":{"line":117,"column":8},"end":{"line":122,"column":9}},"40":{"start":{"line":118,"column":12},"end":{"line":121,"column":15}},"41":{"start":{"line":125,"column":8},"end":{"line":127,"column":9}},"42":{"start":{"line":126,"column":12},"end":{"line":126,"column":107}},"43":{"start":{"line":129,"column":8},"end":{"line":129,"column":86}},"44":{"start":{"line":129,"column":60},"end":{"line":129,"column":84}},"45":{"start":{"line":130,"column":8},"end":{"line":130,"column":28}},"46":{"start":{"line":132,"column":8},"end":{"line":138,"column":11}},"47":{"start":{"line":140,"column":8},"end":{"line":144,"column":11}},"48":{"start":{"line":146,"column":8},"end":{"line":146,"column":71}},"49":{"start":{"line":155,"column":0},"end":{"line":199,"column":2}},"50":{"start":{"line":156,"column":4},"end":{"line":198,"column":5}},"51":{"start":{"line":157,"column":29},"end":{"line":157,"column":37}},"52":{"start":{"line":158,"column":27},"end":{"line":158,"column":76}},"53":{"start":{"line":160,"column":8},"end":{"line":162,"column":9}},"54":{"start":{"line":161,"column":12},"end":{"line":161,"column":122}},"55":{"start":{"line":164,"column":8},"end":{"line":166,"column":9}},"56":{"start":{"line":165,"column":12},"end":{"line":165,"column":104}},"57":{"start":{"line":169,"column":37},"end":{"line":172,"column":9}},"58":{"start":{"line":174,"column":30},"end":{"line":174,"column":42}},"59":{"start":{"line":175,"column":8},"end":{"line":177,"column":9}},"60":{"start":{"line":176,"column":12},"end":{"line":176,"column":61}},"61":{"start":{"line":179,"column":23},"end":{"line":183,"column":43}},"62":{"start":{"line":185,"column":8},"end":{"line":185,"column":97}},"63":{"start":{"line":185,"column":21},"end":{"line":185,"column":97}},"64":{"start":{"line":187,"column":8},"end":{"line":193,"column":11}},"65":{"start":{"line":195,"column":8},"end":{"line":195,"column":106}},"66":{"start":{"line":197,"column":8},"end":{"line":197,"column":71}},"67":{"start":{"line":206,"column":0},"end":{"line":224,"column":2}},"68":{"start":{"line":207,"column":4},"end":{"line":223,"column":5}},"69":{"start":{"line":208,"column":22},"end":{"line":208,"column":98}},"70":{"start":{"line":209,"column":8},"end":{"line":209,"column":90}},"71":{"start":{"line":209,"column":20},"end":{"line":209,"column":90}},"72":{"start":{"line":211,"column":8},"end":{"line":220,"column":11}},"73":{"start":{"line":222,"column":8},"end":{"line":222,"column":71}}},"fnMap":{"0":{"name":"(anonymous_0)","decl":{"start":{"line":9,"column":21},"end":{"line":9,"column":22}},"loc":{"start":{"line":9,"column":41},"end":{"line":16,"column":1}},"line":9},"1":{"name":"(anonymous_1)","decl":{"start":{"line":22,"column":32},"end":{"line":22,"column":33}},"loc":{"start":{"line":22,"column":46},"end":{"line":43,"column":1}},"line":22},"2":{"name":"(anonymous_2)","decl":{"start":{"line":50,"column":27},"end":{"line":50,"column":28}},"loc":{"start":{"line":50,"column":47},"end":{"line":99,"column":1}},"line":50},"3":{"name":"(anonymous_3)","decl":{"start":{"line":58,"column":43},"end":{"line":58,"column":44}},"loc":{"start":{"line":58,"column":48},"end":{"line":58,"column":76}},"line":58},"4":{"name":"(anonymous_4)","decl":{"start":{"line":106,"column":28},"end":{"line":106,"column":29}},"loc":{"start":{"line":106,"column":48},"end":{"line":148,"column":1}},"line":106},"5":{"name":"(anonymous_5)","decl":{"start":{"line":129,"column":55},"end":{"line":129,"column":56}},"loc":{"start":{"line":129,"column":60},"end":{"line":129,"column":84}},"line":129},"6":{"name":"(anonymous_6)","decl":{"start":{"line":155,"column":21},"end":{"line":155,"column":22}},"loc":{"start":{"line":155,"column":41},"end":{"line":199,"column":1}},"line":155},"7":{"name":"(anonymous_7)","decl":{"start":{"line":206,"column":27},"end":{"line":206,"column":28}},"loc":{"start":{"line":206,"column":47},"end":{"line":224,"column":1}},"line":206}},"branchMap":{"0":{"loc":{"start":{"line":54,"column":8},"end":{"line":56,"column":9}},"type":"if","locations":[{"start":{"line":54,"column":8},"end":{"line":56,"column":9}},{"start":{},"end":{}}],"line":54},"1":{"loc":{"start":{"line":54,"column":12},"end":{"line":54,"column":67}},"type":"binary-expr","locations":[{"start":{"line":54,"column":12},"end":{"line":54,"column":39}},{"start":{"line":54,"column":43},"end":{"line":54,"column":67}}],"line":54},"2":{"loc":{"start":{"line":59,"column":8},"end":{"line":65,"column":9}},"type":"if","locations":[{"start":{"line":59,"column":8},"end":{"line":65,"column":9}},{"start":{},"end":{}}],"line":59},"3":{"loc":{"start":{"line":68,"column":8},"end":{"line":68,"column":97}},"type":"if","locations":[{"start":{"line":68,"column":8},"end":{"line":68,"column":97}},{"start":{},"end":{}}],"line":68},"4":{"loc":{"start":{"line":71,"column":8},"end":{"line":76,"column":9}},"type":"if","locations":[{"start":{"line":71,"column":8},"end":{"line":76,"column":9}},{"start":{},"end":{}}],"line":71},"5":{"loc":{"start":{"line":110,"column":8},"end":{"line":112,"column":9}},"type":"if","locations":[{"start":{"line":110,"column":8},"end":{"line":112,"column":9}},{"start":{},"end":{}}],"line":110},"6":{"loc":{"start":{"line":110,"column":12},"end":{"line":110,"column":67}},"type":"binary-expr","locations":[{"start":{"line":110,"column":12},"end":{"line":110,"column":39}},{"start":{"line":110,"column":43},"end":{"line":110,"column":67}}],"line":110},"7":{"loc":{"start":{"line":115,"column":8},"end":{"line":115,"column":97}},"type":"if","locations":[{"start":{"line":115,"column":8},"end":{"line":115,"column":97}},{"start":{},"end":{}}],"line":115},"8":{"loc":{"start":{"line":117,"column":8},"end":{"line":122,"column":9}},"type":"if","locations":[{"start":{"line":117,"column":8},"end":{"line":122,"column":9}},{"start":{},"end":{}}],"line":117},"9":{"loc":{"start":{"line":125,"column":8},"end":{"line":127,"column":9}},"type":"if","locations":[{"start":{"line":125,"column":8},"end":{"line":127,"column":9}},{"start":{},"end":{}}],"line":125},"10":{"loc":{"start":{"line":160,"column":8},"end":{"line":162,"column":9}},"type":"if","locations":[{"start":{"line":160,"column":8},"end":{"line":162,"column":9}},{"start":{},"end":{}}],"line":160},"11":{"loc":{"start":{"line":164,"column":8},"end":{"line":166,"column":9}},"type":"if","locations":[{"start":{"line":164,"column":8},"end":{"line":166,"column":9}},{"start":{},"end":{}}],"line":164},"12":{"loc":{"start":{"line":175,"column":8},"end":{"line":177,"column":9}},"type":"if","locations":[{"start":{"line":175,"column":8},"end":{"line":177,"column":9}},{"start":{},"end":{}}],"line":175},"13":{"loc":{"start":{"line":185,"column":8},"end":{"line":185,"column":97}},"type":"if","locations":[{"start":{"line":185,"column":8},"end":{"line":185,"column":97}},{"start":{},"end":{}}],"line":185},"14":{"loc":{"start":{"line":209,"column":8},"end":{"line":209,"column":90}},"type":"if","locations":[{"start":{"line":209,"column":8},"end":{"line":209,"column":90}},{"start":{},"end":{}}],"line":209},"15":{"loc":{"start":{"line":217,"column":29},"end":{"line":217,"column":99}},"type":"cond-expr","locations":[{"start":{"line":217,"column":64},"end":{"line":217,"column":79}},{"start":{"line":217,"column":82},"end":{"line":217,"column":99}}],"line":217}},"s":{"0":1,"1":1,"2":1,"3":1,"4":1,"5":1,"6":1,"7":0,"8":1,"9":1,"10":1,"11":1,"12":2,"13":2,"14":2,"15":0,"16":2,"17":4,"18":2,"19":1,"20":1,"21":1,"22":0,"23":1,"24":0,"25":1,"26":1,"27":1,"28":1,"29":1,"30":0,"31":1,"32":1,"33":1,"34":1,"35":0,"36":1,"37":1,"38":0,"39":1,"40":0,"41":1,"42":0,"43":1,"44":6,"45":1,"46":1,"47":1,"48":0,"49":1,"50":2,"51":2,"52":2,"53":2,"54":0,"55":2,"56":1,"57":1,"58":1,"59":1,"60":1,"61":1,"62":1,"63":0,"64":1,"65":1,"66":0,"67":1,"68":2,"69":2,"70":2,"71":0,"72":2,"73":0},"f":{"0":1,"1":1,"2":2,"3":4,"4":1,"5":6,"6":2,"7":2},"b":{"0":[0,2],"1":[2,2],"2":[1,1],"3":[0,1],"4":[0,1],"5":[0,1],"6":[1,1],"7":[0,1],"8":[0,1],"9":[0,1],"10":[0,2],"11":[1,1],"12":[1,0],"13":[0,1],"14":[0,2],"15":[1,1]},"_coverageSchema":"1a1c01bbd47fc00a2c39e90264f33305004495a9","hash":"9560d5c5d76962e74a8cb61ad7ddfa47f848e092"}
}
