TN:
SF:src\controllers\rbacController.js
FN:9,(anonymous_0)
FN:22,(anonymous_1)
FN:50,(anonymous_2)
FN:58,(anonymous_3)
FN:106,(anonymous_4)
FN:129,(anonymous_5)
FN:155,(anonymous_6)
FN:206,(anonymous_7)
FNF:8
FNH:8
FNDA:1,(anonymous_0)
FNDA:1,(anonymous_1)
FNDA:2,(anonymous_2)
FNDA:4,(anonymous_3)
FNDA:1,(anonymous_4)
FNDA:6,(anonymous_5)
FNDA:2,(anonymous_6)
FNDA:2,(anonymous_7)
DA:1,1
DA:2,1
DA:3,1
DA:9,1
DA:10,1
DA:11,1
DA:12,1
DA:14,0
DA:22,1
DA:23,1
DA:42,1
DA:50,1
DA:51,2
DA:52,2
DA:54,2
DA:55,0
DA:58,4
DA:59,2
DA:60,1
DA:67,1
DA:68,1
DA:71,1
DA:72,0
DA:79,1
DA:80,1
DA:81,1
DA:83,1
DA:91,1
DA:97,0
DA:106,1
DA:107,1
DA:108,1
DA:110,1
DA:111,0
DA:114,1
DA:115,1
DA:117,1
DA:118,0
DA:125,1
DA:126,0
DA:129,6
DA:130,1
DA:132,1
DA:140,1
DA:146,0
DA:155,1
DA:156,2
DA:157,2
DA:158,2
DA:160,2
DA:161,0
DA:164,2
DA:165,1
DA:169,1
DA:174,1
DA:175,1
DA:176,1
DA:179,1
DA:185,1
DA:187,1
DA:195,1
DA:197,0
DA:206,1
DA:207,2
DA:208,2
DA:209,2
DA:211,2
DA:222,0
LF:68
LH:57
BRDA:54,0,0,0
BRDA:54,0,1,2
BRDA:54,1,0,2
BRDA:54,1,1,2
BRDA:59,2,0,1
BRDA:59,2,1,1
BRDA:68,3,0,0
BRDA:68,3,1,1
BRDA:71,4,0,0
BRDA:71,4,1,1
BRDA:110,5,0,0
BRDA:110,5,1,1
BRDA:110,6,0,1
BRDA:110,6,1,1
BRDA:115,7,0,0
BRDA:115,7,1,1
BRDA:117,8,0,0
BRDA:117,8,1,1
BRDA:125,9,0,0
BRDA:125,9,1,1
BRDA:160,10,0,0
BRDA:160,10,1,2
BRDA:164,11,0,1
BRDA:164,11,1,1
BRDA:175,12,0,1
BRDA:175,12,1,0
BRDA:185,13,0,0
BRDA:185,13,1,1
BRDA:209,14,0,0
BRDA:209,14,1,2
BRDA:217,15,0,1
BRDA:217,15,1,1
BRF:32
BRH:21
end_of_record
